<?xml version="1.0" encoding="UTF-8"?>
<!-- Generated by org.testng.reporters.JUnitReportReporter -->
<testsuite hostname="DESKTOP-UGP84TO" failures="0" tests="1" name="test.Test_GoogleSearch_TestNG" time="29.106" errors="0" timestamp="2022-10-05T23:47:03 IST" skipped="0">
  <testcase classname="test.Test_GoogleSearch_TestNG" name="googleSearch" time="29.106"/>
  <system-out/>
</testsuite> <!-- test.Test_GoogleSearch_TestNG -->
